<?xml version="1.0" encoding="UTF-8"?>
<testsuite xmlns:xsi="http://www.w3.org/2001/XMLSchema-instance" xsi:noNamespaceSchemaLocation="https://maven.apache.org/surefire/maven-surefire-plugin/xsd/surefire-test-report.xsd" version="3.0.1" name="com.edl.tadnumero.NumeroTest" time="0.017" tests="5" errors="0" skipped="0" failures="0">
  <properties>
[...]
</properties>
  <testcase name="testValorMenorQue0" classname="com.edl.tadnumero.NumeroTest" time="0.003"/>
  <testcase name="testValorEntre40E50" classname="com.edl.tadnumero.NumeroTest" time="0.001"/>
  <testcase name="testValorEntre50E60" classname="com.edl.tadnumero.NumeroTest" time="0.002"/>
  <testcase name="testValorDentroDoIntervalo" classname="com.edl.tadnumero.NumeroTest" time="0.006"/>
  <testcase name="testValorMaiorQue100" classname="com.edl.tadnumero.NumeroTest" time="0.001"/>
</testsuite>